<?xml version="1.0" encoding="UTF-8"?>
<robot generator="Robot 5.0.1 (Python 3.10.6 on darwin)" generated="20220912 14:32:58.170" rpa="false" schemaversion="3">
<suite id="s1" name="Busca" source="/Users/lojaintegrada/kabum/K_robot/Web/tests/busca.robot">
<test id="s1-t1" name="Busca com Sucesso" line="8">
<kw name="Nova sessão" library="base" type="SETUP">
<kw name="Open Browser" library="SeleniumLibrary">
<arg>${url}</arg>
<arg>chrome</arg>
<doc>Opens a new browser instance to the optional ``url``.</doc>
<msg timestamp="20220912 14:32:58.239" level="INFO">Opening browser 'chrome' to base url 'http://automationpractice.com/index.php'.</msg>
<status status="PASS" starttime="20220912 14:32:58.239" endtime="20220912 14:33:04.995"/>
</kw>
<status status="PASS" starttime="20220912 14:32:58.239" endtime="20220912 14:33:04.996"/>
</kw>
<kw name="Go To" library="SeleniumLibrary">
<arg>${url}</arg>
<doc>Navigates the current browser window to the provided ``url``.</doc>
<msg timestamp="20220912 14:33:04.996" level="INFO">Opening url 'http://automationpractice.com/index.php'</msg>
<status status="PASS" starttime="20220912 14:33:04.996" endtime="20220912 14:33:07.042"/>
</kw>
<kw name="Busca With">
<arg>dress</arg>
<kw name="Input Text" library="SeleniumLibrary">
<arg>css:input[id=search_query_top]</arg>
<arg>${product}</arg>
<doc>Types the given ``text`` into the text field identified by ``locator``.</doc>
<msg timestamp="20220912 14:33:07.043" level="INFO">Typing text 'dress' into text field 'css:input[id=search_query_top]'.</msg>
<status status="PASS" starttime="20220912 14:33:07.043" endtime="20220912 14:33:07.160"/>
</kw>
<kw name="Click Element" library="SeleniumLibrary">
<arg>css:button[name=submit_search]</arg>
<doc>Click the element identified by ``locator``.</doc>
<msg timestamp="20220912 14:33:07.161" level="INFO">Clicking element 'css:button[name=submit_search]'.</msg>
<status status="PASS" starttime="20220912 14:33:07.161" endtime="20220912 14:33:10.937"/>
</kw>
<status status="PASS" starttime="20220912 14:33:07.042" endtime="20220912 14:33:10.937"/>
</kw>
<kw name="Should See Search Results">
<arg>dress</arg>
<kw name="Page Should Contain" library="SeleniumLibrary">
<arg>results have been found.</arg>
<doc>Verifies that current page contains ``text``.</doc>
<msg timestamp="20220912 14:33:10.952" level="INFO">Current page contains text 'results have been found.'.</msg>
<status status="PASS" starttime="20220912 14:33:10.938" endtime="20220912 14:33:10.952"/>
</kw>
<status status="PASS" starttime="20220912 14:33:10.937" endtime="20220912 14:33:10.952"/>
</kw>
<kw name="Encerra sessão" library="base" type="TEARDOWN">
<kw name="Capture Page Screenshot" library="SeleniumLibrary">
<doc>Takes a screenshot of the current page and embeds it into a log file.</doc>
<msg timestamp="20220912 14:33:11.166" level="INFO" html="true">&lt;/td&gt;&lt;/tr&gt;&lt;tr&gt;&lt;td colspan="3"&gt;&lt;a href="selenium-screenshot-39.png"&gt;&lt;img src="selenium-screenshot-39.png" width="800px"&gt;&lt;/a&gt;</msg>
<status status="PASS" starttime="20220912 14:33:10.952" endtime="20220912 14:33:11.166"/>
</kw>
<kw name="Close Browser" library="SeleniumLibrary">
<doc>Closes the current browser.</doc>
<status status="PASS" starttime="20220912 14:33:11.166" endtime="20220912 14:33:11.233"/>
</kw>
<status status="PASS" starttime="20220912 14:33:10.952" endtime="20220912 14:33:11.233"/>
</kw>
<tag>busca_ok</tag>
<status status="PASS" starttime="20220912 14:32:58.238" endtime="20220912 14:33:11.233"/>
</test>
<test id="s1-t2" name="Busca inválida" line="14">
<kw name="Nova sessão" library="base" type="SETUP">
<kw name="Open Browser" library="SeleniumLibrary">
<arg>${url}</arg>
<arg>chrome</arg>
<doc>Opens a new browser instance to the optional ``url``.</doc>
<msg timestamp="20220912 14:33:11.234" level="INFO">Opening browser 'chrome' to base url 'http://automationpractice.com/index.php'.</msg>
<status status="PASS" starttime="20220912 14:33:11.234" endtime="20220912 14:33:16.857"/>
</kw>
<status status="PASS" starttime="20220912 14:33:11.234" endtime="20220912 14:33:16.858"/>
</kw>
<kw name="Go To" library="SeleniumLibrary">
<arg>${url}</arg>
<doc>Navigates the current browser window to the provided ``url``.</doc>
<msg timestamp="20220912 14:33:16.859" level="INFO">Opening url 'http://automationpractice.com/index.php'</msg>
<status status="PASS" starttime="20220912 14:33:16.858" endtime="20220912 14:33:18.786"/>
</kw>
<kw name="Busca With">
<arg>abacaxi</arg>
<kw name="Input Text" library="SeleniumLibrary">
<arg>css:input[id=search_query_top]</arg>
<arg>${product}</arg>
<doc>Types the given ``text`` into the text field identified by ``locator``.</doc>
<msg timestamp="20220912 14:33:18.787" level="INFO">Typing text 'abacaxi' into text field 'css:input[id=search_query_top]'.</msg>
<status status="PASS" starttime="20220912 14:33:18.787" endtime="20220912 14:33:18.909"/>
</kw>
<kw name="Click Element" library="SeleniumLibrary">
<arg>css:button[name=submit_search]</arg>
<doc>Click the element identified by ``locator``.</doc>
<msg timestamp="20220912 14:33:18.909" level="INFO">Clicking element 'css:button[name=submit_search]'.</msg>
<status status="PASS" starttime="20220912 14:33:18.909" endtime="20220912 14:33:21.117"/>
</kw>
<status status="PASS" starttime="20220912 14:33:18.786" endtime="20220912 14:33:21.117"/>
</kw>
<kw name="Should Contain Search Alert">
<arg>No results were found for your search</arg>
<kw name="Get WebElement" library="SeleniumLibrary">
<var>${message}</var>
<arg>xpath: //*[@id="center_column"]/p</arg>
<doc>Returns the first WebElement matching the given ``locator``.</doc>
<msg timestamp="20220912 14:33:21.129" level="INFO">${message} = &lt;selenium.webdriver.remote.webelement.WebElement (session="ee053450b84a07045580c7a73a1ac44d", element="ba3d1faf-9b64-4659-a245-631dd146be9f")&gt;</msg>
<status status="PASS" starttime="20220912 14:33:21.118" endtime="20220912 14:33:21.129"/>
</kw>
<kw name="Should Contain" library="BuiltIn">
<arg>${message.text}</arg>
<arg>${expect_message}</arg>
<doc>Fails if ``container`` does not contain ``item`` one or more times.</doc>
<status status="PASS" starttime="20220912 14:33:21.129" endtime="20220912 14:33:21.140"/>
</kw>
<status status="PASS" starttime="20220912 14:33:21.118" endtime="20220912 14:33:21.140"/>
</kw>
<kw name="Encerra sessão" library="base" type="TEARDOWN">
<kw name="Capture Page Screenshot" library="SeleniumLibrary">
<doc>Takes a screenshot of the current page and embeds it into a log file.</doc>
<msg timestamp="20220912 14:33:21.349" level="INFO" html="true">&lt;/td&gt;&lt;/tr&gt;&lt;tr&gt;&lt;td colspan="3"&gt;&lt;a href="selenium-screenshot-40.png"&gt;&lt;img src="selenium-screenshot-40.png" width="800px"&gt;&lt;/a&gt;</msg>
<status status="PASS" starttime="20220912 14:33:21.141" endtime="20220912 14:33:21.349"/>
</kw>
<kw name="Close Browser" library="SeleniumLibrary">
<doc>Closes the current browser.</doc>
<status status="PASS" starttime="20220912 14:33:21.349" endtime="20220912 14:33:21.417"/>
</kw>
<status status="PASS" starttime="20220912 14:33:21.140" endtime="20220912 14:33:21.417"/>
</kw>
<tag>busca_nok</tag>
<status status="PASS" starttime="20220912 14:33:11.234" endtime="20220912 14:33:21.417"/>
</test>
<status status="PASS" starttime="20220912 14:32:58.170" endtime="20220912 14:33:21.417"/>
</suite>
<statistics>
<total>
<stat pass="2" fail="0" skip="0">All Tests</stat>
</total>
<tag>
<stat pass="1" fail="0" skip="0">busca_nok</stat>
<stat pass="1" fail="0" skip="0">busca_ok</stat>
</tag>
<suite>
<stat pass="2" fail="0" skip="0" id="s1" name="Busca">Busca</stat>
</suite>
</statistics>
<errors>
</errors>
</robot>
